

Microchip Technology PIC18 LITE Macro Assembler V1.44 build -154322312 
                                                                                               Mon Nov 20 16:32:46 2017

Microchip Technology Omniscient Code Generator v1.44 (Free mode) build 201709140600
     1                           	processor	18F67J60
     2                           	fnconf	rparam,??,?,0
     3                           	opt	pw 120
     4                           	opt	lm
     5                           	psect	cinit,global,reloc=2,class=CODE,delta=1
     6                           	psect	cstackCOMRAM,global,class=COMRAM,space=1,delta=1,noexec
     7                           	psect	text0,global,reloc=2,class=CODE,delta=1
     8                           	psect	text1,global,reloc=2,class=CODE,delta=1
     9                           	psect	text2,global,reloc=2,class=CODE,delta=1
    10                           	psect	text3,global,reloc=2,class=CODE,delta=1
    11                           	psect	intsave_regs,global,class=BIGRAM,space=1,delta=1,noexec
    12                           	psect	rparam,global,class=COMRAM,space=1,delta=1,noexec
    13  0000                     
    14                           ; Version 1.44
    15                           ; Generated 14/09/2017 GMT
    16                           ; 
    17                           ; Copyright © 2017, Microchip Technology Inc. and its subsidiaries ("Microchip")
    18                           ; All rights reserved.
    19                           ; 
    20                           ; This software is developed by Microchip Technology Inc. and its subsidiaries ("Microch
      +                          ip").
    21                           ; 
    22                           ; Redistribution and use in source and binary forms, with or without modification, are
    23                           ; permitted provided that the following conditions are met:
    24                           ; 
    25                           ;     1. Redistributions of source code must retain the above copyright notice, this lis
      +                          t of
    26                           ;        conditions and the following disclaimer.
    27                           ; 
    28                           ;     2. Redistributions in binary form must reproduce the above copyright notice, this 
      +                          list
    29                           ;        of conditions and the following disclaimer in the documentation and/or other
    30                           ;        materials provided with the distribution.
    31                           ; 
    32                           ;     3. Microchip's name may not be used to endorse or promote products derived from th
      +                          is
    33                           ;        software without specific prior written permission.
    34                           ; 
    35                           ; THIS SOFTWARE IS PROVIDED BY MICROCHIP "AS IS" AND ANY EXPRESS OR IMPLIED WARRANTIES,
    36                           ; INCLUDING, BUT NOT LIMITED TO, THE IMPLIED WARRANTIES OF MERCHANTABILITY AND FITNESS F
      +                          OR
    37                           ; PURPOSE ARE DISCLAIMED.  IN NO EVENT SHALL MICROCHIP BE LIABLE FOR ANY DIRECT, INDIREC
      +                          T,
    38                           ; INCIDENTAL, SPECIAL, EXEMPLARY, OR CONSEQUENTIAL DAMAGES (INCLUDING BUT NOT LIMITED TO
    39                           ; PROCUREMENT OF SUBSTITUTE GOODS OR SERVICES; LOSS OF USE, DATA OR PROFITS; OR BUSINESS
    40                           ; INTERRUPTION) HOWSOEVER CAUSED AND ON ANY THEORY OF LIABILITY, WHETHER IN CONTRACT, ST
      +                          RICT
    41                           ; LIABILITY, OR TORT (INCLUDING NEGLIGENCE OR OTHERWISE) ARISING IN ANY WAY OUT OF THE U
      +                          SE OF
    42                           ; THIS SOFTWARE, EVEN IF ADVISED OF THE POSSIBILITY OF SUCH DAMAGE.
    43                           ; 
    44                           ; 
    45                           ; Code-generator required, PIC18F67J60 Definitions
    46                           ; 
    47                           ; SFR Addresses
    48  0000                     _ADCON1bits	set	4033
    49  0000                     _TRISD	set	3989
    50  0000                     _TRISC	set	3988
    51  0000                     _TRISB	set	3987
    52  0000                     _TRISG	set	3992
    53  0000                     _TRISA	set	3986
    54  0000                     _TRISF	set	3991
    55  0000                     _TRISE	set	3990
    56  0000                     _LATC	set	3979
    57  0000                     _LATG	set	3983
    58  0000                     _LATB	set	3978
    59  0000                     _LATF	set	3982
    60  0000                     _LATA	set	3977
    61  0000                     _LATD	set	3980
    62  0000                     _LATE	set	3981
    63  0000                     _OSCTUNE	set	3995
    64  0000                     _OSCCON	set	4051
    65                           
    66                           ; #config settings
    67  0000                     
    68                           	psect	cinit
    69  01FFA0                     __pcinit:
    70                           	opt stack 0
    71  01FFA0                     start_initialization:
    72                           	opt stack 0
    73  01FFA0                     __initialization:
    74                           	opt stack 0
    75  01FFA0                     end_of_initialization:
    76                           	opt stack 0
    77  01FFA0                     __end_of__initialization:
    78                           	opt stack 0
    79  01FFA0  0100               	movlb	0
    80  01FFA2  EFCD  F0FF         	goto	_main	;jump to C main() function
    81                           
    82                           	psect	cstackCOMRAM
    83  000000                     __pcstackCOMRAM:
    84                           	opt stack 0
    85  000000                     
    86                           ; 1 bytes @ 0x0
    87 ;;
    88 ;;Main: autosize = 0, tempsize = 0, incstack = 0, save=0
    89 ;;
    90 ;; *************** function _main *****************
    91 ;; Defined at:
    92 ;;		line 48 in file "main.c"
    93 ;; Parameters:    Size  Location     Type
    94 ;;		None
    95 ;; Auto vars:     Size  Location     Type
    96 ;;		None
    97 ;; Return value:  Size  Location     Type
    98 ;;                  1    wreg      void 
    99 ;; Registers used:
   100 ;;		wreg, status,2, cstack
   101 ;; Tracked objects:
   102 ;;		On entry : 0/0
   103 ;;		On exit  : 0/0
   104 ;;		Unchanged: 0/0
   105 ;; Data sizes:     COMRAM   BANK0   BANK1   BANK2   BANK3   BANK4   BANK5   BANK6   BANK7   BANK8   BANK9  BANK10  BANK1
      +1  BANK12  BANK13  BANK14  BANK15
   106 ;;      Params:         0       0       0       0       0       0       0       0       0       0       0       0       
      +0       0       0       0       0
   107 ;;      Locals:         0       0       0       0       0       0       0       0       0       0       0       0       
      +0       0       0       0       0
   108 ;;      Temps:          0       0       0       0       0       0       0       0       0       0       0       0       
      +0       0       0       0       0
   109 ;;      Totals:         0       0       0       0       0       0       0       0       0       0       0       0       
      +0       0       0       0       0
   110 ;;Total ram usage:        0 bytes
   111 ;; Hardware stack levels required when called:    2
   112 ;; This function calls:
   113 ;;		_SYSTEM_Initialize
   114 ;; This function is called by:
   115 ;;		Startup code after reset
   116 ;; This function uses a non-reentrant model
   117 ;;
   118                           
   119                           	psect	text0
   120  01FF9A                     __ptext0:
   121                           	opt stack 0
   122  01FF9A                     _main:
   123                           	opt stack 29
   124                           
   125                           ;main.c: 51: SYSTEM_Initialize();
   126                           
   127                           ;incstack = 0
   128  01FF9A  ECD8  F0FF         	call	_SYSTEM_Initialize	;wreg free
   129  01FF9E                     l57:
   130                           
   131                           ;main.c: 82: {
   132  01FF9E  D7FF               	goto	l57
   133  01FFA0                     __end_of_main:
   134                           	opt stack 0
   135                           
   136 ;; *************** function _SYSTEM_Initialize *****************
   137 ;; Defined at:
   138 ;;		line 72 in file "mcc_generated_files/mcc.c"
   139 ;; Parameters:    Size  Location     Type
   140 ;;		None
   141 ;; Auto vars:     Size  Location     Type
   142 ;;		None
   143 ;; Return value:  Size  Location     Type
   144 ;;                  1    wreg      void 
   145 ;; Registers used:
   146 ;;		wreg, status,2, cstack
   147 ;; Tracked objects:
   148 ;;		On entry : 0/0
   149 ;;		On exit  : 0/0
   150 ;;		Unchanged: 0/0
   151 ;; Data sizes:     COMRAM   BANK0   BANK1   BANK2   BANK3   BANK4   BANK5   BANK6   BANK7   BANK8   BANK9  BANK10  BANK1
      +1  BANK12  BANK13  BANK14  BANK15
   152 ;;      Params:         0       0       0       0       0       0       0       0       0       0       0       0       
      +0       0       0       0       0
   153 ;;      Locals:         0       0       0       0       0       0       0       0       0       0       0       0       
      +0       0       0       0       0
   154 ;;      Temps:          0       0       0       0       0       0       0       0       0       0       0       0       
      +0       0       0       0       0
   155 ;;      Totals:         0       0       0       0       0       0       0       0       0       0       0       0       
      +0       0       0       0       0
   156 ;;Total ram usage:        0 bytes
   157 ;; Hardware stack levels used:    1
   158 ;; Hardware stack levels required when called:    1
   159 ;; This function calls:
   160 ;;		_OSCILLATOR_Initialize
   161 ;;		_PIN_MANAGER_Initialize
   162 ;; This function is called by:
   163 ;;		_main
   164 ;; This function uses a non-reentrant model
   165 ;;
   166                           
   167                           	psect	text1
   168  01FFB0                     __ptext1:
   169                           	opt stack 0
   170  01FFB0                     _SYSTEM_Initialize:
   171                           	opt stack 29
   172                           
   173                           ;mcc.c: 74: PIN_MANAGER_Initialize();
   174                           
   175                           ;incstack = 0
   176  01FFB0  ECDD  F0FF         	call	_PIN_MANAGER_Initialize	;wreg free
   177                           
   178                           ;mcc.c: 75: OSCILLATOR_Initialize();
   179  01FFB4  ECD3  F0FF         	call	_OSCILLATOR_Initialize	;wreg free
   180  01FFB8  0012               	return		;funcret
   181  01FFBA                     __end_of_SYSTEM_Initialize:
   182                           	opt stack 0
   183                           
   184 ;; *************** function _PIN_MANAGER_Initialize *****************
   185 ;; Defined at:
   186 ;;		line 51 in file "mcc_generated_files/pin_manager.c"
   187 ;; Parameters:    Size  Location     Type
   188 ;;		None
   189 ;; Auto vars:     Size  Location     Type
   190 ;;		None
   191 ;; Return value:  Size  Location     Type
   192 ;;                  1    wreg      void 
   193 ;; Registers used:
   194 ;;		wreg, status,2
   195 ;; Tracked objects:
   196 ;;		On entry : 0/0
   197 ;;		On exit  : 0/0
   198 ;;		Unchanged: 0/0
   199 ;; Data sizes:     COMRAM   BANK0   BANK1   BANK2   BANK3   BANK4   BANK5   BANK6   BANK7   BANK8   BANK9  BANK10  BANK1
      +1  BANK12  BANK13  BANK14  BANK15
   200 ;;      Params:         0       0       0       0       0       0       0       0       0       0       0       0       
      +0       0       0       0       0
   201 ;;      Locals:         0       0       0       0       0       0       0       0       0       0       0       0       
      +0       0       0       0       0
   202 ;;      Temps:          0       0       0       0       0       0       0       0       0       0       0       0       
      +0       0       0       0       0
   203 ;;      Totals:         0       0       0       0       0       0       0       0       0       0       0       0       
      +0       0       0       0       0
   204 ;;Total ram usage:        0 bytes
   205 ;; Hardware stack levels used:    1
   206 ;; This function calls:
   207 ;;		Nothing
   208 ;; This function is called by:
   209 ;;		_SYSTEM_Initialize
   210 ;; This function uses a non-reentrant model
   211 ;;
   212                           
   213                           	psect	text2
   214  01FFBA                     __ptext2:
   215                           	opt stack 0
   216  01FFBA                     _PIN_MANAGER_Initialize:
   217                           	opt stack 29
   218                           
   219                           ;pin_manager.c: 56: LATE = 0x00;
   220                           
   221                           ;incstack = 0
   222  01FFBA  0E00               	movlw	0
   223  01FFBC  6E8D               	movwf	3981,c	;volatile
   224                           
   225                           ;pin_manager.c: 57: LATD = 0x00;
   226  01FFBE  0E00               	movlw	0
   227  01FFC0  6E8C               	movwf	3980,c	;volatile
   228                           
   229                           ;pin_manager.c: 58: LATA = 0x00;
   230  01FFC2  0E00               	movlw	0
   231  01FFC4  6E89               	movwf	3977,c	;volatile
   232                           
   233                           ;pin_manager.c: 59: LATF = 0x00;
   234  01FFC6  0E00               	movlw	0
   235  01FFC8  6E8E               	movwf	3982,c	;volatile
   236                           
   237                           ;pin_manager.c: 60: LATB = 0x00;
   238  01FFCA  0E00               	movlw	0
   239  01FFCC  6E8A               	movwf	3978,c	;volatile
   240                           
   241                           ;pin_manager.c: 61: LATG = 0x00;
   242  01FFCE  0E00               	movlw	0
   243  01FFD0  6E8F               	movwf	3983,c	;volatile
   244                           
   245                           ;pin_manager.c: 62: LATC = 0x00;
   246  01FFD2  0E00               	movlw	0
   247  01FFD4  6E8B               	movwf	3979,c	;volatile
   248                           
   249                           ;pin_manager.c: 67: TRISE = 0x3F;
   250  01FFD6  0E3F               	movlw	63
   251  01FFD8  6E96               	movwf	3990,c	;volatile
   252                           
   253                           ;pin_manager.c: 68: TRISF = 0xFE;
   254  01FFDA  0EFE               	movlw	254
   255  01FFDC  6E97               	movwf	3991,c	;volatile
   256                           
   257                           ;pin_manager.c: 69: TRISA = 0x3F;
   258  01FFDE  0E3F               	movlw	63
   259  01FFE0  6E92               	movwf	3986,c	;volatile
   260                           
   261                           ;pin_manager.c: 70: TRISG = 0x10;
   262  01FFE2  0E10               	movlw	16
   263  01FFE4  6E98               	movwf	3992,c	;volatile
   264                           
   265                           ;pin_manager.c: 71: TRISB = 0xFF;
   266  01FFE6  6893               	setf	3987,c	;volatile
   267                           
   268                           ;pin_manager.c: 72: TRISC = 0xFF;
   269  01FFE8  6894               	setf	3988,c	;volatile
   270                           
   271                           ;pin_manager.c: 73: TRISD = 0x07;
   272  01FFEA  0E07               	movlw	7
   273  01FFEC  6E95               	movwf	3989,c	;volatile
   274                           
   275                           ;pin_manager.c: 78: ADCON1bits.PCFG = 0x00;
   276  01FFEE  90C1               	bcf	4033,0,c	;volatile
   277  01FFF0  92C1               	bcf	4033,1,c	;volatile
   278  01FFF2  94C1               	bcf	4033,2,c	;volatile
   279  01FFF4  96C1               	bcf	4033,3,c	;volatile
   280  01FFF6  0012               	return		;funcret
   281  01FFF8                     __end_of_PIN_MANAGER_Initialize:
   282                           	opt stack 0
   283                           
   284 ;; *************** function _OSCILLATOR_Initialize *****************
   285 ;; Defined at:
   286 ;;		line 78 in file "mcc_generated_files/mcc.c"
   287 ;; Parameters:    Size  Location     Type
   288 ;;		None
   289 ;; Auto vars:     Size  Location     Type
   290 ;;		None
   291 ;; Return value:  Size  Location     Type
   292 ;;                  1    wreg      void 
   293 ;; Registers used:
   294 ;;		wreg, status,2
   295 ;; Tracked objects:
   296 ;;		On entry : 0/0
   297 ;;		On exit  : 0/0
   298 ;;		Unchanged: 0/0
   299 ;; Data sizes:     COMRAM   BANK0   BANK1   BANK2   BANK3   BANK4   BANK5   BANK6   BANK7   BANK8   BANK9  BANK10  BANK1
      +1  BANK12  BANK13  BANK14  BANK15
   300 ;;      Params:         0       0       0       0       0       0       0       0       0       0       0       0       
      +0       0       0       0       0
   301 ;;      Locals:         0       0       0       0       0       0       0       0       0       0       0       0       
      +0       0       0       0       0
   302 ;;      Temps:          0       0       0       0       0       0       0       0       0       0       0       0       
      +0       0       0       0       0
   303 ;;      Totals:         0       0       0       0       0       0       0       0       0       0       0       0       
      +0       0       0       0       0
   304 ;;Total ram usage:        0 bytes
   305 ;; Hardware stack levels used:    1
   306 ;; This function calls:
   307 ;;		Nothing
   308 ;; This function is called by:
   309 ;;		_SYSTEM_Initialize
   310 ;; This function uses a non-reentrant model
   311 ;;
   312                           
   313                           	psect	text3
   314  01FFA6                     __ptext3:
   315                           	opt stack 0
   316  01FFA6                     _OSCILLATOR_Initialize:
   317                           	opt stack 29
   318                           
   319                           ;mcc.c: 81: OSCCON = 0x02;
   320                           
   321                           ;incstack = 0
   322  01FFA6  0E02               	movlw	2
   323  01FFA8  6ED3               	movwf	4051,c	;volatile
   324                           
   325                           ;mcc.c: 83: OSCTUNE = 0x00;
   326  01FFAA  0E00               	movlw	0
   327  01FFAC  6E9B               	movwf	3995,c	;volatile
   328  01FFAE  0012               	return		;funcret
   329  01FFB0                     __end_of_OSCILLATOR_Initialize:
   330                           	opt stack 0
   331  0000                     
   332                           	psect	rparam


Data Sizes:
    Strings     0
    Constant    0
    Data        0
    BSS         0
    Persistent  0
    Stack       0

Auto Spaces:
    Space          Size  Autos    Used
    COMRAM           95      0       0
    BANK0           160      0       0
    BANK1           256      0       0
    BANK2           256      0       0
    BANK3           256      0       0
    BANK4           256      0       0
    BANK5           256      0       0
    BANK6           256      0       0
    BANK7           256      0       0
    BANK8           256      0       0
    BANK9           256      0       0
    BANK10          256      0       0
    BANK11          256      0       0
    BANK12          256      0       0
    BANK13          256      0       0
    BANK14          128      0       0
    BANK15           96      0       0

Pointer List with Targets:

    None.

Critical Paths under _main in COMRAM

    None.

Critical Paths under _main in BANK0

    None.

Critical Paths under _main in BANK1

    None.

Critical Paths under _main in BANK2

    None.

Critical Paths under _main in BANK3

    None.

Critical Paths under _main in BANK4

    None.

Critical Paths under _main in BANK5

    None.

Critical Paths under _main in BANK6

    None.

Critical Paths under _main in BANK7

    None.

Critical Paths under _main in BANK8

    None.

Critical Paths under _main in BANK9

    None.

Critical Paths under _main in BANK10

    None.

Critical Paths under _main in BANK11

    None.

Critical Paths under _main in BANK12

    None.

Critical Paths under _main in BANK13

    None.

Critical Paths under _main in BANK14

    None.

Critical Paths under _main in BANK15

    None.

Call Graph Tables:

 ---------------------------------------------------------------------------------
 (Depth) Function   	        Calls       Base Space   Used Autos Params    Refs
 ---------------------------------------------------------------------------------
 (0) _main                                                 0     0      0       0
                  _SYSTEM_Initialize
 ---------------------------------------------------------------------------------
 (1) _SYSTEM_Initialize                                    0     0      0       0
              _OSCILLATOR_Initialize
             _PIN_MANAGER_Initialize
 ---------------------------------------------------------------------------------
 (2) _PIN_MANAGER_Initialize                               0     0      0       0
 ---------------------------------------------------------------------------------
 (2) _OSCILLATOR_Initialize                                0     0      0       0
 ---------------------------------------------------------------------------------
 Estimated maximum stack depth 2
 ---------------------------------------------------------------------------------

 Call Graph Graphs:

 _main (ROOT)
   _SYSTEM_Initialize
     _OSCILLATOR_Initialize
     _PIN_MANAGER_Initialize

 Address spaces:
Name               Size   Autos  Total    Cost      Usage
BITCOMRAM           5F      0       0       0        0.0%
NULL                 0      0       0       0        0.0%
CODE                 0      0       0       0        0.0%
COMRAM              5F      0       0       1        0.0%
STACK                0      0       0       2        0.0%
DATA                 0      0       0       3        0.0%
BITBANK0            A0      0       0       4        0.0%
BANK0               A0      0       0       5        0.0%
BITBANK1           100      0       0       6        0.0%
BANK1              100      0       0       7        0.0%
BITBANK2           100      0       0       8        0.0%
BANK2              100      0       0       9        0.0%
BITBANK3           100      0       0      10        0.0%
BANK3              100      0       0      11        0.0%
BITBANK4           100      0       0      12        0.0%
BANK4              100      0       0      13        0.0%
BITBANK5           100      0       0      14        0.0%
BANK5              100      0       0      15        0.0%
BITBANK6           100      0       0      16        0.0%
BANK6              100      0       0      17        0.0%
BITBANK7           100      0       0      18        0.0%
BANK7              100      0       0      19        0.0%
BITBANK8           100      0       0      20        0.0%
BANK8              100      0       0      21        0.0%
BITBANK9           100      0       0      22        0.0%
BANK9              100      0       0      23        0.0%
BITBANK10          100      0       0      24        0.0%
BANK10             100      0       0      25        0.0%
BITBANK11          100      0       0      26        0.0%
BANK11             100      0       0      27        0.0%
BANK12             100      0       0      28        0.0%
ABS                  0      0       0      29        0.0%
BITBANK12          100      0       0      30        0.0%
BITBANK13          100      0       0      31        0.0%
BANK13             100      0       0      32        0.0%
BITBANK14           80      0       0      33        0.0%
BANK14              80      0       0      34        0.0%
BITBANK15           60      0       0      35        0.0%
BANK15              60      0       0      36        0.0%
BIGRAM_1            60      0       0      37        0.0%
BIGRAM             E7F      0       0      38        0.0%
BITSFR_1             0      0       0     200        0.0%
SFR_1                0      0       0     200        0.0%
BITSFR               0      0       0     200        0.0%
SFR                  0      0       0     200        0.0%


Microchip Technology PIC18 Macro Assembler V1.44 build -154322312 
Symbol Table                                                                                   Mon Nov 20 16:32:46 2017

                             l57 FF9E                     __CFG_CP0$OFF 000000  
                   __CFG_IESO$ON 000000                     __CFG_WDT$OFF 000000  
                           _LATA 000F89                             _LATB 000F8A  
                           _LATC 000F8B                             _LATD 000F8C  
                           _LATE 000F8D                             _LATF 000F8E  
                           _LATG 000F8F                    __CFG_DEBUG$ON 000000  
                  __CFG_FCMEN$ON 000000                     __CFG_STVR$ON 000000  
                           _main FF9A                             start 0002  
                  __CFG_FOSC2$ON 000000                     ___param_bank 000000  
 __size_of_OSCILLATOR_Initialize 000A    __end_of_OSCILLATOR_Initialize FFB0  
                          ?_main 0000                            _TRISA 000F92  
                          _TRISB 000F93                            _TRISC 000F94  
                          _TRISD 000F95                            _TRISE 000F96  
                          _TRISF 000F97                            _TRISG 000F98  
                 __CFG_ETHLED$ON 000000                  __initialization FFA0  
                   __end_of_main FFA0                           ??_main 0000  
                  __activetblptr 000000                           _OSCCON 000FD3  
                 __CFG_XINST$OFF 000000                  __CFG_FOSC$HSPLL 000000  
              _SYSTEM_Initialize FFB0                       __accesstop 0060  
        __end_of__initialization FFA0               ?_SYSTEM_Initialize 0000  
                  ___rparam_used 000001                   __pcstackCOMRAM 0000  
            ??_SYSTEM_Initialize 0000        __end_of_SYSTEM_Initialize FFBA  
                        _OSCTUNE 000F9B                          __Hparam 0000  
                        __Lparam 0000                          __pcinit FFA0  
                        __ramtop 1000                          __ptext0 FF9A  
                        __ptext1 FFB0                          __ptext2 FFBA  
                        __ptext3 FFA6            _OSCILLATOR_Initialize FFA6  
       ??_PIN_MANAGER_Initialize 0000       __size_of_SYSTEM_Initialize 000A  
           end_of_initialization FFA0           ?_OSCILLATOR_Initialize 0000  
            start_initialization FFA0  __size_of_PIN_MANAGER_Initialize 003E  
         _PIN_MANAGER_Initialize FFBA                 __CFG_WDTPS$32768 000000  
                     _ADCON1bits 000FC1                         __Hrparam 0000  
                       __Lrparam 0000          ??_OSCILLATOR_Initialize 0000  
                  __size_of_main 0006          ?_PIN_MANAGER_Initialize 0000  
 __end_of_PIN_MANAGER_Initialize FFF8  
